<?xml version="1.0" encoding="UTF-8"?>
<!-- Generated by org.testng.reporters.JUnitReportReporter -->
<testsuite hostname="192.168.1.43" failures="0" tests="3" name="com.qa.testcases.LoginPageTest" time="114.756" errors="0" timestamp="2025-06-21T14:35:02 IST" skipped="1">
  <testcase classname="com.qa.testcases.LoginPageTest" name="LoginPageTitleTest" time="21.105"/>
  <testcase classname="com.qa.testcases.LoginPageTest" name="loginchk" time="93.651"/>
  <testcase classname="com.qa.testcases.LoginPageTest" name="LoginPageLogoTest">
    <skipped/>
  </testcase> <!-- LoginPageLogoTest -->
</testsuite> <!-- com.qa.testcases.LoginPageTest -->
