<?xml version="1.0" encoding="UTF-8"?>
<!-- Generated by org.testng.reporters.JUnitReportReporter -->
<testsuite hostname="192.168.1.43" failures="0" tests="3" name="com.qa.testcases.LoginPageTest" time="110.173" errors="0" timestamp="2025-06-15T14:07:44 IST" skipped="0">
  <testcase classname="com.qa.testcases.LoginPageTest" name="LoginPageLogoTest" time="34.355"/>
  <testcase classname="com.qa.testcases.LoginPageTest" name="LoginPageTitleTest" time="28.035"/>
  <testcase classname="com.qa.testcases.LoginPageTest" name="loginchk" time="47.783"/>
</testsuite> <!-- com.qa.testcases.LoginPageTest -->
