<?xml version="1.0" encoding="UTF-8"?>
<!-- Generated by org.testng.reporters.JUnitReportReporter -->
<testsuite hostname="192.168.1.43" failures="0" tests="4" name="com.qa.testcases.ContactPageTest" time="406.060" errors="0" timestamp="2025-06-21T15:06:21 IST" skipped="0">
  <testcase classname="com.qa.testcases.ContactPageTest" name="createContact" time="104.939"/>
  <testcase classname="com.qa.testcases.ContactPageTest" name="createContact" time="104.438"/>
  <testcase classname="com.qa.testcases.ContactPageTest" name="createContact" time="107.189"/>
  <testcase classname="com.qa.testcases.ContactPageTest" name="checkContactName" time="89.494"/>
</testsuite> <!-- com.qa.testcases.ContactPageTest -->
